<?xml version="1.0" encoding="UTF-8" standalone="yes"?>
<ns2:test-suite start="1506001080308" stop="1506001111224" version="1.5.0" xmlns:ns2="urn:model.allure.qatools.yandex.ru">
    <name>Example feature</name>
    <description type="text"></description>
    <test-cases>
        <test-case start="1506001080365" stop="1506001101742" status="passed">
            <name>Log in  Yandex</name>
            <title>Log in  Yandex</title>
            <description type="text"></description>
            <steps>
                <step start="1506001080370" stop="1506001094733" status="passed">
                    <name>Given I go to https://www.yandex.ru/</name>
                    <title>Given I go to https://www.yandex.ru/</title>
                    <attachments/>
                    <steps/>
                </step>
                <step start="1506001094734" stop="1506001096435" status="passed">
                    <name>When I type login riddler1391</name>
                    <title>When I type login riddler1391</title>
                    <attachments/>
                    <steps/>
                </step>
                <step start="1506001096435" stop="1506001096674" status="passed">
                    <name>And password 1234Qwer</name>
                    <title>And password 1234Qwer</title>
                    <attachments/>
                    <steps/>
                </step>
                <step start="1506001096675" stop="1506001101676" status="passed">
                    <name>Then I should go to home page</name>
                    <title>Then I should go to home page</title>
                    <attachments>
                        <attachment title="Message" source="48f3b7d8-5eca-4c5f-a3d6-fc0ee36c6167-attachment.txt" type="text/plain"/>
                    </attachments>
                    <steps/>
                </step>
            </steps>
            <attachments/>
            <labels>
                <label name="story" value="Log in  Yandex"/>
                <label name="feature" value="Example feature"/>
                <label name="host" value="VMokrinskiy"/>
                <label name="thread" value="3712@VMokrinskiy.main(1)"/>
                <label name="framework" value="CucumberJVM"/>
            </labels>
        </test-case>
        <test-case start="1506001101753" stop="1506001103036" status="broken">
            <name>Log in  Yandex</name>
            <title>Log in  Yandex</title>
            <description type="text"></description>
            <failure>
                <message>NoSuchElementException: no such element: Unable to locate element: {"method":"xpath","selector":"//input[@name='login']"}
  (Session info: chrome=61.0.3163.91)
  (Driver info: chromedriver=2.32.498550 (9dec58e66c31bcc53a9ce3c7226f0c1c5810906a),platform=Windows NT 6.1.7601 SP1 x86_64) (WARNING: The server did not provide any stacktrace information)
Command duration or timeout: 38 milliseconds
For documentation on this error, please visit: http://seleniumhq.org/exceptions/no_such_element.html
Build info: version: '3.0.1', revision: '1969d75', time: '2016-10-18 09:49:13 -0700'
System info: host: 'VMokrinskiy', ip: '192.168.100.38', os.name: 'Windows 7', os.arch: 'amd64', os.version: '6.1', java.version: '1.8.0_144'
Driver info: org.openqa.selenium.chrome.ChromeDriver
Capabilities [{applicationCacheEnabled=false, rotatable=false, mobileEmulationEnabled=false, networkConnectionEnabled=false, chrome={chromedriverVersion=2.32.498550 (9dec58e66c31bcc53a9ce3c7226f0c1c5810906a), userDataDir=C:\Users\VMOKRI~1\AppData\Local\Temp\scoped_dir13052_2474}, takesHeapSnapshot=true, pageLoadStrategy=normal, databaseEnabled=false, handlesAlerts=true, hasTouchScreen=false, version=61.0.3163.91, platform=XP, browserConnectionEnabled=false, nativeEvents=true, acceptSslCerts=true, locationContextEnabled=true, webStorageEnabled=true, browserName=chrome, takesScreenshot=true, javascriptEnabled=true, cssSelectorsEnabled=true, setWindowRect=true, unexpectedAlertBehaviour=}]
Session ID: 089cacae2f3a47299d3a0c64ee01c907
*** Element info: {Using=xpath, value=//input[@name='login']}</message>
                <stack-trace>org.openqa.selenium.NoSuchElementException: no such element: Unable to locate element: {"method":"xpath","selector":"//input[@name='login']"}
  (Session info: chrome=61.0.3163.91)
  (Driver info: chromedriver=2.32.498550 (9dec58e66c31bcc53a9ce3c7226f0c1c5810906a),platform=Windows NT 6.1.7601 SP1 x86_64) (WARNING: The server did not provide any stacktrace information)
Command duration or timeout: 38 milliseconds
For documentation on this error, please visit: http://seleniumhq.org/exceptions/no_such_element.html
Build info: version: '3.0.1', revision: '1969d75', time: '2016-10-18 09:49:13 -0700'
System info: host: 'VMokrinskiy', ip: '192.168.100.38', os.name: 'Windows 7', os.arch: 'amd64', os.version: '6.1', java.version: '1.8.0_144'
Driver info: org.openqa.selenium.chrome.ChromeDriver
Capabilities [{applicationCacheEnabled=false, rotatable=false, mobileEmulationEnabled=false, networkConnectionEnabled=false, chrome={chromedriverVersion=2.32.498550 (9dec58e66c31bcc53a9ce3c7226f0c1c5810906a), userDataDir=C:\Users\VMOKRI~1\AppData\Local\Temp\scoped_dir13052_2474}, takesHeapSnapshot=true, pageLoadStrategy=normal, databaseEnabled=false, handlesAlerts=true, hasTouchScreen=false, version=61.0.3163.91, platform=XP, browserConnectionEnabled=false, nativeEvents=true, acceptSslCerts=true, locationContextEnabled=true, webStorageEnabled=true, browserName=chrome, takesScreenshot=true, javascriptEnabled=true, cssSelectorsEnabled=true, setWindowRect=true, unexpectedAlertBehaviour=}]
Session ID: 089cacae2f3a47299d3a0c64ee01c907
*** Element info: {Using=xpath, value=//input[@name='login']}
	at sun.reflect.NativeConstructorAccessorImpl.newInstance0(Native Method)
	at sun.reflect.NativeConstructorAccessorImpl.newInstance(NativeConstructorAccessorImpl.java:62)
	at sun.reflect.DelegatingConstructorAccessorImpl.newInstance(DelegatingConstructorAccessorImpl.java:45)
	at java.lang.reflect.Constructor.newInstance(Constructor.java:423)
	at org.openqa.selenium.remote.ErrorHandler.createThrowable(ErrorHandler.java:216)
	at org.openqa.selenium.remote.ErrorHandler.throwIfResponseFailed(ErrorHandler.java:168)
	at org.openqa.selenium.remote.RemoteWebDriver.execute(RemoteWebDriver.java:635)
	at org.openqa.selenium.remote.RemoteWebDriver.findElement(RemoteWebDriver.java:368)
	at org.openqa.selenium.remote.RemoteWebDriver.findElementByXPath(RemoteWebDriver.java:473)
	at org.openqa.selenium.By$ByXPath.findElement(By.java:361)
	at org.openqa.selenium.remote.RemoteWebDriver.findElement(RemoteWebDriver.java:360)
	at org.openqa.selenium.support.pagefactory.DefaultElementLocator.findElement(DefaultElementLocator.java:69)
	at org.openqa.selenium.support.pagefactory.internal.LocatingElementHandler.invoke(LocatingElementHandler.java:38)
	at com.sun.proxy.$Proxy18.isDisplayed(Unknown Source)
	at lesson10.steps.Initialization.input(Initialization.java:72)
	at lesson10.steps.ExampleSteps.inputUserName(ExampleSteps.java:22)
	at âœ½.When I type login adsasd(src/test/resources/features/example.feature:7)
</stack-trace>
            </failure>
            <steps>
                <step start="1506001101754" stop="1506001102919" status="passed">
                    <name>Given I go to https://www.yandex.ru/</name>
                    <title>Given I go to https://www.yandex.ru/</title>
                </step>
                <step start="1506001102920" stop="1506001103018" status="broken">
                    <name>When I type login adsasd</name>
                    <title>When I type login adsasd</title>
                </step>
                <step start="1506001103018" stop="1506001103035" status="canceled">
                    <name>And password 123xx</name>
                    <title>And password 123xx</title>
                </step>
                <step start="1506001103036" stop="1506001103036" status="canceled">
                    <name>Then I should go to home page</name>
                    <title>Then I should go to home page</title>
                </step>
            </steps>
            <attachments/>
            <labels>
                <label name="story" value="Log in  Yandex"/>
                <label name="feature" value="Example feature"/>
                <label name="host" value="VMokrinskiy"/>
                <label name="thread" value="3712@VMokrinskiy.main(1)"/>
                <label name="framework" value="CucumberJVM"/>
            </labels>
        </test-case>
        <test-case start="1506001103042" stop="1506001111214" status="passed">
            <name>search yandex</name>
            <title>search yandex</title>
            <description type="text"></description>
            <steps>
                <step start="1506001103044" stop="1506001105624" status="passed">
                    <name>Given I go to https://www.yandex.ru/</name>
                    <title>Given I go to https://www.yandex.ru/</title>
                    <attachments/>
                    <steps/>
                </step>
                <step start="1506001105624" stop="1506001106274" status="passed">
                    <name>When I type word asdasd</name>
                    <title>When I type word asdasd</title>
                    <attachments/>
                    <steps/>
                </step>
                <step start="1506001106274" stop="1506001108867" status="passed">
                    <name>Then I press "Find"</name>
                    <title>Then I press "Find"</title>
                    <attachments/>
                    <steps/>
                </step>
                <step start="1506001108867" stop="1506001111214" status="passed">
                    <name>And close browser</name>
                    <title>And close browser</title>
                    <attachments/>
                    <steps/>
                </step>
            </steps>
            <attachments/>
            <labels>
                <label name="story" value="search yandex"/>
                <label name="feature" value="Example feature"/>
                <label name="host" value="VMokrinskiy"/>
                <label name="thread" value="3712@VMokrinskiy.main(1)"/>
                <label name="framework" value="CucumberJVM"/>
            </labels>
        </test-case>
    </test-cases>
    <labels>
        <label name="feature" value="Example feature"/>
        <label name="language" value="JAVA"/>
    </labels>
</ns2:test-suite>
